<?xml version="1.0" encoding="UTF-8"?>
<coverage generated="1781391504026" clover="3.2.0">
  <project timestamp="1781391504026" name="All files">
    <metrics statements="32" coveredstatements="31" conditionals="6" coveredconditionals="4" methods="12" coveredmethods="11" elements="50" coveredelements="46" complexity="0" loc="32" ncloc="32" packages="8" files="16" classes="16"/>
    <package name="Components.Card">
      <metrics statements="5" coveredstatements="4" conditionals="4" coveredconditionals="2" methods="2" coveredmethods="1"/>
      <file name="Card.jsx" path="C:\Users\HP\Desktop\6to\programacion-web\practica-react\src\Components\Card\Card.jsx">
        <metrics statements="5" coveredstatements="4" conditionals="4" coveredconditionals="2" methods="2" coveredmethods="1"/>
        <line num="8" count="1" type="stmt"/>
        <line num="9" count="1" type="stmt"/>
        <line num="11" count="1" type="stmt"/>
        <line num="17" count="0" type="stmt"/>
        <line num="31" count="1" type="stmt"/>
      </file>
      <file name="card.module.css" path="C:\Users\HP\Desktop\6to\programacion-web\practica-react\src\Components\Card\card.module.css">
        <metrics statements="0" coveredstatements="0" conditionals="0" coveredconditionals="0" methods="0" coveredmethods="0"/>
      </file>
    </package>
    <package name="Components.CursoCard">
      <metrics statements="3" coveredstatements="3" conditionals="0" coveredconditionals="0" methods="1" coveredmethods="1"/>
      <file name="CursoCard.jsx" path="C:\Users\HP\Desktop\6to\programacion-web\practica-react\src\Components\CursoCard\CursoCard.jsx">
        <metrics statements="3" coveredstatements="3" conditionals="0" coveredconditionals="0" methods="1" coveredmethods="1"/>
        <line num="4" count="1" type="stmt"/>
        <line num="5" count="1" type="stmt"/>
        <line num="14" count="1" type="stmt"/>
      </file>
      <file name="cursocard.module.css" path="C:\Users\HP\Desktop\6to\programacion-web\practica-react\src\Components\CursoCard\cursocard.module.css">
        <metrics statements="0" coveredstatements="0" conditionals="0" coveredconditionals="0" methods="0" coveredmethods="0"/>
      </file>
    </package>
    <package name="Components.Footer">
      <metrics statements="3" coveredstatements="3" conditionals="0" coveredconditionals="0" methods="1" coveredmethods="1"/>
      <file name="Footer.jsx" path="C:\Users\HP\Desktop\6to\programacion-web\practica-react\src\Components\Footer\Footer.jsx">
        <metrics statements="3" coveredstatements="3" conditionals="0" coveredconditionals="0" methods="1" coveredmethods="1"/>
        <line num="4" count="2" type="stmt"/>
        <line num="6" count="2" type="stmt"/>
        <line num="7" count="2" type="stmt"/>
      </file>
      <file name="footer.module.css" path="C:\Users\HP\Desktop\6to\programacion-web\practica-react\src\Components\Footer\footer.module.css">
        <metrics statements="0" coveredstatements="0" conditionals="0" coveredconditionals="0" methods="0" coveredmethods="0"/>
      </file>
    </package>
    <package name="Components.Header">
      <metrics statements="2" coveredstatements="2" conditionals="0" coveredconditionals="0" methods="1" coveredmethods="1"/>
      <file name="Header.jsx" path="C:\Users\HP\Desktop\6to\programacion-web\practica-react\src\Components\Header\Header.jsx">
        <metrics statements="2" coveredstatements="2" conditionals="0" coveredconditionals="0" methods="1" coveredmethods="1"/>
        <line num="4" count="2" type="stmt"/>
        <line num="5" count="2" type="stmt"/>
      </file>
      <file name="header.module.css" path="C:\Users\HP\Desktop\6to\programacion-web\practica-react\src\Components\Header\header.module.css">
        <metrics statements="0" coveredstatements="0" conditionals="0" coveredconditionals="0" methods="0" coveredmethods="0"/>
      </file>
    </package>
    <package name="Components.Layout">
      <metrics statements="2" coveredstatements="2" conditionals="0" coveredconditionals="0" methods="1" coveredmethods="1"/>
      <file name="Layout.jsx" path="C:\Users\HP\Desktop\6to\programacion-web\practica-react\src\Components\Layout\Layout.jsx">
        <metrics statements="2" coveredstatements="2" conditionals="0" coveredconditionals="0" methods="1" coveredmethods="1"/>
        <line num="5" count="1" type="stmt"/>
        <line num="6" count="1" type="stmt"/>
      </file>
      <file name="layout.module.css" path="C:\Users\HP\Desktop\6to\programacion-web\practica-react\src\Components\Layout\layout.module.css">
        <metrics statements="0" coveredstatements="0" conditionals="0" coveredconditionals="0" methods="0" coveredmethods="0"/>
      </file>
    </package>
    <package name="Components.Personaje">
      <metrics statements="3" coveredstatements="3" conditionals="0" coveredconditionals="0" methods="1" coveredmethods="1"/>
      <file name="Personaje.jsx" path="C:\Users\HP\Desktop\6to\programacion-web\practica-react\src\Components\Personaje\Personaje.jsx">
        <metrics statements="3" coveredstatements="3" conditionals="0" coveredconditionals="0" methods="1" coveredmethods="1"/>
        <line num="4" count="2" type="stmt"/>
        <line num="6" count="2" type="stmt"/>
        <line num="15" count="2" type="stmt"/>
      </file>
      <file name="index.jsx" path="C:\Users\HP\Desktop\6to\programacion-web\practica-react\src\Components\Personaje\index.jsx">
        <metrics statements="0" coveredstatements="0" conditionals="0" coveredconditionals="0" methods="0" coveredmethods="0"/>
      </file>
      <file name="personaje.module.css" path="C:\Users\HP\Desktop\6to\programacion-web\practica-react\src\Components\Personaje\personaje.module.css">
        <metrics statements="0" coveredstatements="0" conditionals="0" coveredconditionals="0" methods="0" coveredmethods="0"/>
      </file>
    </package>
    <package name="pages.Personaje">
      <metrics statements="9" coveredstatements="9" conditionals="2" coveredconditionals="2" methods="4" coveredmethods="4"/>
      <file name="Personaje.jsx" path="C:\Users\HP\Desktop\6to\programacion-web\practica-react\src\pages\Personaje\Personaje.jsx">
        <metrics statements="9" coveredstatements="9" conditionals="2" coveredconditionals="2" methods="4" coveredmethods="4"/>
        <line num="6" count="1" type="stmt"/>
        <line num="8" count="2" type="stmt"/>
        <line num="10" count="2" type="stmt"/>
        <line num="11" count="1" type="stmt"/>
        <line num="12" count="1" type="stmt"/>
        <line num="13" count="1" type="stmt"/>
        <line num="15" count="1" type="stmt"/>
        <line num="18" count="2" type="stmt"/>
        <line num="26" count="1" type="stmt"/>
      </file>
      <file name="personaje.module.css" path="C:\Users\HP\Desktop\6to\programacion-web\practica-react\src\pages\Personaje\personaje.module.css">
        <metrics statements="0" coveredstatements="0" conditionals="0" coveredconditionals="0" methods="0" coveredmethods="0"/>
      </file>
    </package>
    <package name="services">
      <metrics statements="5" coveredstatements="5" conditionals="0" coveredconditionals="0" methods="1" coveredmethods="1"/>
      <file name="rick-andmorty-service.js" path="C:\Users\HP\Desktop\6to\programacion-web\practica-react\src\services\rick-andmorty-service.js">
        <metrics statements="5" coveredstatements="5" conditionals="0" coveredconditionals="0" methods="1" coveredmethods="1"/>
        <line num="1" count="1" type="stmt"/>
        <line num="3" count="1" type="stmt"/>
        <line num="5" count="1" type="stmt"/>
        <line num="7" count="1" type="stmt"/>
        <line num="8" count="1" type="stmt"/>
      </file>
    </package>
  </project>
</coverage>
