{"C:\\Users\\HP\\Desktop\\6to\\programacion-web\\practica-react\\src\\Components\\Card\\Card.jsx": {"path":"C:\\Users\\HP\\Desktop\\6to\\programacion-web\\practica-react\\src\\Components\\Card\\Card.jsx","statementMap":{"0":{"start":{"line":8,"column":13},"end":{"line":29,"column":null}},"1":{"start":{"line":9,"column":20},"end":{"line":9,"column":null}},"2":{"start":{"line":11,"column":4},"end":{"line":27,"column":null}},"3":{"start":{"line":17,"column":31},"end":{"line":17,"column":null}},"4":{"start":{"line":31,"column":0},"end":{"line":33,"column":null}}},"fnMap":{"0":{"name":"(anonymous_0)","decl":{"start":{"line":8,"column":13},"end":{"line":8,"column":21}},"loc":{"start":{"line":8,"column":36},"end":{"line":29,"column":null}},"line":8},"1":{"name":"(anonymous_1)","decl":{"start":{"line":17,"column":16},"end":{"line":17,"column":31}},"loc":{"start":{"line":17,"column":31},"end":{"line":17,"column":null}},"line":17}},"branchMap":{"0":{"loc":{"start":{"line":19,"column":17},"end":{"line":19,"column":null}},"type":"cond-expr","locations":[{"start":{"line":19,"column":27},"end":{"line":19,"column":39}},{"start":{"line":19,"column":39},"end":{"line":19,"column":null}}],"line":19},"1":{"loc":{"start":{"line":22,"column":13},"end":{"line":25,"column":null}},"type":"binary-expr","locations":[{"start":{"line":22,"column":13},"end":{"line":22,"column":null}},{"start":{"line":23,"column":16},"end":{"line":25,"column":null}}],"line":22}},"s":{"0":1,"1":1,"2":1,"3":0,"4":1},"f":{"0":1,"1":0},"b":{"0":[0,1],"1":[1,0]},"meta":{"lastBranch":2,"lastFunction":2,"lastStatement":5,"seen":{"s:8:13:29:Infinity":0,"f:8:13:8:21":0,"s:9:20:9:Infinity":1,"s:11:4:27:Infinity":2,"f:17:16:17:31":1,"s:17:31:17:Infinity":3,"b:19:27:19:39:19:39:19:Infinity":0,"b:22:13:22:Infinity:23:16:25:Infinity":1,"s:31:0:33:Infinity":4},"fnNames":{}}}
,"C:\\Users\\HP\\Desktop\\6to\\programacion-web\\practica-react\\src\\Components\\Card\\card.module.css": {"path":"C:\\Users\\HP\\Desktop\\6to\\programacion-web\\practica-react\\src\\Components\\Card\\card.module.css","statementMap":{},"fnMap":{},"branchMap":{},"s":{},"f":{},"b":{},"meta":{"lastBranch":0,"lastFunction":0,"lastStatement":0,"seen":{},"fnNames":{}}}
,"C:\\Users\\HP\\Desktop\\6to\\programacion-web\\practica-react\\src\\Components\\CursoCard\\CursoCard.jsx": {"path":"C:\\Users\\HP\\Desktop\\6to\\programacion-web\\practica-react\\src\\Components\\CursoCard\\CursoCard.jsx","statementMap":{"0":{"start":{"line":4,"column":13},"end":{"line":12,"column":null}},"1":{"start":{"line":5,"column":4},"end":{"line":10,"column":null}},"2":{"start":{"line":14,"column":0},"end":{"line":18,"column":null}}},"fnMap":{"0":{"name":"(anonymous_0)","decl":{"start":{"line":4,"column":13},"end":{"line":4,"column":26}},"loc":{"start":{"line":4,"column":64},"end":{"line":12,"column":null}},"line":4}},"branchMap":{},"s":{"0":1,"1":1,"2":1},"f":{"0":1},"b":{},"meta":{"lastBranch":0,"lastFunction":1,"lastStatement":3,"seen":{"s:4:13:12:Infinity":0,"f:4:13:4:26":0,"s:5:4:10:Infinity":1,"s:14:0:18:Infinity":2},"fnNames":{}}}
,"C:\\Users\\HP\\Desktop\\6to\\programacion-web\\practica-react\\src\\Components\\CursoCard\\cursocard.module.css": {"path":"C:\\Users\\HP\\Desktop\\6to\\programacion-web\\practica-react\\src\\Components\\CursoCard\\cursocard.module.css","statementMap":{},"fnMap":{},"branchMap":{},"s":{},"f":{},"b":{},"meta":{"lastBranch":0,"lastFunction":0,"lastStatement":0,"seen":{},"fnNames":{}}}
,"C:\\Users\\HP\\Desktop\\6to\\programacion-web\\practica-react\\src\\Components\\Footer\\Footer.jsx": {"path":"C:\\Users\\HP\\Desktop\\6to\\programacion-web\\practica-react\\src\\Components\\Footer\\Footer.jsx","statementMap":{"0":{"start":{"line":4,"column":13},"end":{"line":13,"column":null}},"1":{"start":{"line":6,"column":23},"end":{"line":6,"column":null}},"2":{"start":{"line":7,"column":4},"end":{"line":10,"column":null}}},"fnMap":{"0":{"name":"(anonymous_0)","decl":{"start":{"line":4,"column":13},"end":{"line":4,"column":28}},"loc":{"start":{"line":4,"column":28},"end":{"line":13,"column":null}},"line":4}},"branchMap":{},"s":{"0":2,"1":2,"2":2},"f":{"0":2},"b":{},"meta":{"lastBranch":0,"lastFunction":1,"lastStatement":3,"seen":{"s:4:13:13:Infinity":0,"f:4:13:4:28":0,"s:6:23:6:Infinity":1,"s:7:4:10:Infinity":2},"fnNames":{}}}
,"C:\\Users\\HP\\Desktop\\6to\\programacion-web\\practica-react\\src\\Components\\Footer\\footer.module.css": {"path":"C:\\Users\\HP\\Desktop\\6to\\programacion-web\\practica-react\\src\\Components\\Footer\\footer.module.css","statementMap":{},"fnMap":{},"branchMap":{},"s":{},"f":{},"b":{},"meta":{"lastBranch":0,"lastFunction":0,"lastStatement":0,"seen":{},"fnNames":{}}}
,"C:\\Users\\HP\\Desktop\\6to\\programacion-web\\practica-react\\src\\Components\\Header\\Header.jsx": {"path":"C:\\Users\\HP\\Desktop\\6to\\programacion-web\\practica-react\\src\\Components\\Header\\Header.jsx","statementMap":{"0":{"start":{"line":4,"column":13},"end":{"line":17,"column":null}},"1":{"start":{"line":5,"column":4},"end":{"line":15,"column":null}}},"fnMap":{"0":{"name":"(anonymous_0)","decl":{"start":{"line":4,"column":13},"end":{"line":4,"column":28}},"loc":{"start":{"line":4,"column":28},"end":{"line":17,"column":null}},"line":4}},"branchMap":{},"s":{"0":2,"1":2},"f":{"0":2},"b":{},"meta":{"lastBranch":0,"lastFunction":1,"lastStatement":2,"seen":{"s:4:13:17:Infinity":0,"f:4:13:4:28":0,"s:5:4:15:Infinity":1},"fnNames":{}}}
,"C:\\Users\\HP\\Desktop\\6to\\programacion-web\\practica-react\\src\\Components\\Header\\header.module.css": {"path":"C:\\Users\\HP\\Desktop\\6to\\programacion-web\\practica-react\\src\\Components\\Header\\header.module.css","statementMap":{},"fnMap":{},"branchMap":{},"s":{},"f":{},"b":{},"meta":{"lastBranch":0,"lastFunction":0,"lastStatement":0,"seen":{},"fnNames":{}}}
,"C:\\Users\\HP\\Desktop\\6to\\programacion-web\\practica-react\\src\\Components\\Layout\\Layout.jsx": {"path":"C:\\Users\\HP\\Desktop\\6to\\programacion-web\\practica-react\\src\\Components\\Layout\\Layout.jsx","statementMap":{"0":{"start":{"line":5,"column":13},"end":{"line":15,"column":null}},"1":{"start":{"line":6,"column":4},"end":{"line":13,"column":null}}},"fnMap":{"0":{"name":"(anonymous_0)","decl":{"start":{"line":5,"column":13},"end":{"line":5,"column":23}},"loc":{"start":{"line":5,"column":40},"end":{"line":15,"column":null}},"line":5}},"branchMap":{},"s":{"0":1,"1":1},"f":{"0":1},"b":{},"meta":{"lastBranch":0,"lastFunction":1,"lastStatement":2,"seen":{"s:5:13:15:Infinity":0,"f:5:13:5:23":0,"s:6:4:13:Infinity":1},"fnNames":{}}}
,"C:\\Users\\HP\\Desktop\\6to\\programacion-web\\practica-react\\src\\Components\\Layout\\layout.module.css": {"path":"C:\\Users\\HP\\Desktop\\6to\\programacion-web\\practica-react\\src\\Components\\Layout\\layout.module.css","statementMap":{},"fnMap":{},"branchMap":{},"s":{},"f":{},"b":{},"meta":{"lastBranch":0,"lastFunction":0,"lastStatement":0,"seen":{},"fnNames":{}}}
,"C:\\Users\\HP\\Desktop\\6to\\programacion-web\\practica-react\\src\\Components\\Personaje\\Personaje.jsx": {"path":"C:\\Users\\HP\\Desktop\\6to\\programacion-web\\practica-react\\src\\Components\\Personaje\\Personaje.jsx","statementMap":{"0":{"start":{"line":4,"column":13},"end":{"line":13,"column":null}},"1":{"start":{"line":6,"column":4},"end":{"line":11,"column":null}},"2":{"start":{"line":15,"column":0},"end":{"line":19,"column":null}}},"fnMap":{"0":{"name":"(anonymous_0)","decl":{"start":{"line":4,"column":13},"end":{"line":4,"column":30}},"loc":{"start":{"line":4,"column":62},"end":{"line":13,"column":null}},"line":4}},"branchMap":{},"s":{"0":2,"1":2,"2":2},"f":{"0":2},"b":{},"meta":{"lastBranch":0,"lastFunction":1,"lastStatement":3,"seen":{"s:4:13:13:Infinity":0,"f:4:13:4:30":0,"s:6:4:11:Infinity":1,"s:15:0:19:Infinity":2},"fnNames":{}}}
,"C:\\Users\\HP\\Desktop\\6to\\programacion-web\\practica-react\\src\\Components\\Personaje\\index.jsx": {"path":"C:\\Users\\HP\\Desktop\\6to\\programacion-web\\practica-react\\src\\Components\\Personaje\\index.jsx","statementMap":{},"fnMap":{},"branchMap":{},"s":{},"f":{},"b":{},"meta":{"lastBranch":0,"lastFunction":0,"lastStatement":0,"seen":{},"fnNames":{}}}
,"C:\\Users\\HP\\Desktop\\6to\\programacion-web\\practica-react\\src\\Components\\Personaje\\personaje.module.css": {"path":"C:\\Users\\HP\\Desktop\\6to\\programacion-web\\practica-react\\src\\Components\\Personaje\\personaje.module.css","statementMap":{},"fnMap":{},"branchMap":{},"s":{},"f":{},"b":{},"meta":{"lastBranch":0,"lastFunction":0,"lastStatement":0,"seen":{},"fnNames":{}}}
,"C:\\Users\\HP\\Desktop\\6to\\programacion-web\\practica-react\\src\\pages\\Personaje\\Personaje.jsx": {"path":"C:\\Users\\HP\\Desktop\\6to\\programacion-web\\practica-react\\src\\pages\\Personaje\\Personaje.jsx","statementMap":{"0":{"start":{"line":6,"column":13},"end":{"line":38,"column":null}},"1":{"start":{"line":8,"column":23},"end":{"line":8,"column":null}},"2":{"start":{"line":10,"column":4},"end":{"line":16,"column":null}},"3":{"start":{"line":11,"column":30},"end":{"line":14,"column":null}},"4":{"start":{"line":12,"column":35},"end":{"line":12,"column":null}},"5":{"start":{"line":13,"column":12},"end":{"line":13,"column":null}},"6":{"start":{"line":15,"column":8},"end":{"line":15,"column":null}},"7":{"start":{"line":18,"column":4},"end":{"line":35,"column":null}},"8":{"start":{"line":26,"column":16},"end":{"line":31,"column":null}}},"fnMap":{"0":{"name":"(anonymous_0)","decl":{"start":{"line":6,"column":13},"end":{"line":6,"column":35}},"loc":{"start":{"line":6,"column":35},"end":{"line":38,"column":null}},"line":6},"1":{"name":"(anonymous_1)","decl":{"start":{"line":10,"column":4},"end":{"line":10,"column":20}},"loc":{"start":{"line":10,"column":20},"end":{"line":16,"column":7}},"line":10},"2":{"name":"(anonymous_2)","decl":{"start":{"line":11,"column":30},"end":{"line":11,"column":42}},"loc":{"start":{"line":11,"column":42},"end":{"line":14,"column":null}},"line":11},"3":{"name":"(anonymous_3)","decl":{"start":{"line":25,"column":53},"end":{"line":25,"column":58}},"loc":{"start":{"line":26,"column":16},"end":{"line":31,"column":null}},"line":26}},"branchMap":{"0":{"loc":{"start":{"line":25,"column":13},"end":{"line":32,"column":null}},"type":"binary-expr","locations":[{"start":{"line":25,"column":13},"end":{"line":25,"column":42}},{"start":{"line":25,"column":42},"end":{"line":32,"column":null}}],"line":25}},"s":{"0":1,"1":2,"2":2,"3":1,"4":1,"5":1,"6":1,"7":2,"8":1},"f":{"0":2,"1":1,"2":1,"3":1},"b":{"0":[2,2]},"meta":{"lastBranch":1,"lastFunction":4,"lastStatement":9,"seen":{"s:6:13:38:Infinity":0,"f:6:13:6:35":0,"s:8:23:8:Infinity":1,"s:10:4:16:Infinity":2,"f:10:4:10:20":1,"s:11:30:14:Infinity":3,"f:11:30:11:42":2,"s:12:35:12:Infinity":4,"s:13:12:13:Infinity":5,"s:15:8:15:Infinity":6,"s:18:4:35:Infinity":7,"b:25:13:25:42:25:42:32:Infinity":0,"f:25:53:25:58":3,"s:26:16:31:Infinity":8},"fnNames":{}}}
,"C:\\Users\\HP\\Desktop\\6to\\programacion-web\\practica-react\\src\\pages\\Personaje\\personaje.module.css": {"path":"C:\\Users\\HP\\Desktop\\6to\\programacion-web\\practica-react\\src\\pages\\Personaje\\personaje.module.css","statementMap":{},"fnMap":{},"branchMap":{},"s":{},"f":{},"b":{},"meta":{"lastBranch":0,"lastFunction":0,"lastStatement":0,"seen":{},"fnNames":{}}}
,"C:\\Users\\HP\\Desktop\\6to\\programacion-web\\practica-react\\src\\services\\rick-andmorty-service.js": {"path":"C:\\Users\\HP\\Desktop\\6to\\programacion-web\\practica-react\\src\\services\\rick-andmorty-service.js","statementMap":{"0":{"start":{"line":1,"column":16},"end":{"line":1,"column":null}},"1":{"start":{"line":3,"column":33},"end":{"line":10,"column":null}},"2":{"start":{"line":5,"column":21},"end":{"line":5,"column":null}},"3":{"start":{"line":7,"column":17},"end":{"line":7,"column":null}},"4":{"start":{"line":8,"column":4},"end":{"line":8,"column":null}}},"fnMap":{"0":{"name":"(anonymous_0)","decl":{"start":{"line":3,"column":33},"end":{"line":3,"column":45}},"loc":{"start":{"line":3,"column":45},"end":{"line":10,"column":null}},"line":3}},"branchMap":{},"s":{"0":1,"1":1,"2":1,"3":1,"4":1},"f":{"0":1},"b":{},"meta":{"lastBranch":0,"lastFunction":1,"lastStatement":5,"seen":{"s:1:16:1:Infinity":0,"s:3:33:10:Infinity":1,"f:3:33:3:45":0,"s:5:21:5:Infinity":2,"s:7:17:7:Infinity":3,"s:8:4:8:Infinity":4},"fnNames":{}}}
}
